[debug] [2018-09-04T11:19:59.078Z] ----------------------------------------------------------------------
[debug] [2018-09-04T11:19:59.081Z] Command:       C:\Program Files\nodejs\node.exe C:\Users\antoine.stas\AppData\Roaming\npm\node_modules\firebase-tools\bin\firebase serve --only functions
[debug] [2018-09-04T11:19:59.081Z] CLI Version:   3.19.3
[debug] [2018-09-04T11:19:59.081Z] Platform:      win32
[debug] [2018-09-04T11:19:59.081Z] Node Version:  v8.11.4
[debug] [2018-09-04T11:19:59.082Z] Time:          Tue Sep 04 2018 13:19:59 GMT+0200 (Romance Summer Time)
[debug] [2018-09-04T11:19:59.082Z] ----------------------------------------------------------------------
[debug] 
[debug] [2018-09-04T11:19:59.090Z] > command requires scopes: ["email","openid","https://www.googleapis.com/auth/cloudplatformprojects.readonly","https://www.googleapis.com/auth/firebase","https://www.googleapis.com/auth/cloud-platform"]
[debug] [2018-09-04T11:19:59.091Z] > authorizing via signed-in user
[debug] [2018-09-04T11:19:59.093Z] >>> HTTP REQUEST GET https://admin.firebase.com/v1/projects/plugmovies-cc14a  
  
 Tue Sep 04 2018 13:19:59 GMT+0200 (Romance Summer Time)
[debug] [2018-09-04T11:19:59.722Z] <<< HTTP RESPONSE 200
[debug] [2018-09-04T11:19:59.724Z] >>> HTTP REQUEST GET https://admin.firebase.com/v1/database/plugmovies-cc14a/tokens  
  
 Tue Sep 04 2018 13:19:59 GMT+0200 (Romance Summer Time)
[debug] [2018-09-04T11:20:00.307Z] <<< HTTP RESPONSE 200
[debug] [2018-09-04T11:20:00.308Z] >>> HTTP REQUEST GET https://cloudresourcemanager.googleapis.com/v1/projects/plugmovies-cc14a  
  
 Tue Sep 04 2018 13:20:00 GMT+0200 (Romance Summer Time)
[debug] [2018-09-04T11:20:00.554Z] <<< HTTP RESPONSE 200
[info] 
[info] === Serving from 'C:\Users\antoine.stas\plugmovies'...
[info] 
[info] i  functions: Preparing to emulate functions.
[debug] [2018-09-04T11:20:01.220Z] Fetching environment
[debug] [2018-09-04T11:20:01.222Z] >>> HTTP REQUEST GET https://mobilesdk-pa.googleapis.com/v1/projects/491754291371:getServerAppConfig  
  
 Tue Sep 04 2018 13:20:01 GMT+0200 (Romance Summer Time)
[debug] [2018-09-04T11:20:01.746Z] <<< HTTP RESPONSE 200
[debug] [2018-09-04T11:20:01.747Z] Starting @google-cloud/functions-emulator
[debug] [2018-09-04T11:20:03.294Z] Parsing function triggers
[info] +  functions: backend: http://localhost:5000/plugmovies-cc14a/us-central1/backend
